2023-04-29 08:34:06.698 +00:00  WRN  Storing keys in a directory '/root/.aspnet/DataProtection-Keys' that may not be persisted outside of the container. Protected data will be unavailable when container is destroyed.
2023-04-29 08:34:06.751 +00:00  INF  User profile is available. Using '/root/.aspnet/DataProtection-Keys' as key repository; keys will not be encrypted at rest.
2023-04-29 08:34:06.762 +00:00  INF  Creating key {3c137d26-f6b4-49d2-b89a-59c50c6d3b6c} with creation date 2023-04-29 08:34:06Z, activation date 2023-04-29 08:34:06Z, and expiration date 2023-07-28 08:34:06Z.
2023-04-29 08:34:06.779 +00:00  WRN  No XML encryptor configured. Key {3c137d26-f6b4-49d2-b89a-59c50c6d3b6c} may be persisted to storage in unencrypted form.
2023-04-29 08:34:06.782 +00:00  INF  Writing data to file '/root/.aspnet/DataProtection-Keys/key-3c137d26-f6b4-49d2-b89a-59c50c6d3b6c.xml'.
2023-04-29 08:34:07.063 +00:00  INF  Now listening on: https://[::]:443
2023-04-29 08:34:07.064 +00:00  INF  Now listening on: http://[::]:80
2023-04-29 08:34:07.068 +00:00  INF  Application started. Press Ctrl+C to shut down.
2023-04-29 08:34:07.068 +00:00  INF  Hosting environment: Development
2023-04-29 08:34:07.069 +00:00  INF  Content root path: /app/
2023-04-29 08:34:28.588 +00:00  INF  Request starting HTTP/2 GET https://localhost:32768/swagger - -
2023-04-29 08:34:28.728 +00:00  INF  Request finished HTTP/2 GET https://localhost:32768/swagger - - - 301 0 - 144.0750ms
2023-04-29 08:34:28.740 +00:00  INF  Request starting HTTP/2 GET https://localhost:32768/swagger/index.html - -
2023-04-29 08:34:28.826 +00:00  INF  Request finished HTTP/2 GET https://localhost:32768/swagger/index.html - - - 200 - text/html;charset=utf-8 86.2238ms
2023-04-29 08:34:28.856 +00:00  INF  Request starting HTTP/2 GET https://localhost:32768/swagger/swagger-ui.css - -
2023-04-29 08:34:28.867 +00:00  INF  Request starting HTTP/2 GET https://localhost:32768/swagger/swagger-ui-bundle.js - -
2023-04-29 08:34:28.867 +00:00  INF  Request starting HTTP/2 GET https://localhost:32768/swagger/swagger-ui-standalone-preset.js - -
2023-04-29 08:34:28.928 +00:00  INF  Sending file. Request path: '/swagger-ui.css'. Physical path: 'N/A'
2023-04-29 08:34:28.929 +00:00  INF  Request finished HTTP/2 GET https://localhost:32768/swagger/swagger-ui.css - - - 200 143632 text/css 72.3570ms
2023-04-29 08:34:29.038 +00:00  INF  Sending file. Request path: '/swagger-ui-standalone-preset.js'. Physical path: 'N/A'
2023-04-29 08:34:29.047 +00:00  INF  Request finished HTTP/2 GET https://localhost:32768/swagger/swagger-ui-standalone-preset.js - - - 200 337162 application/javascript 179.8719ms
2023-04-29 08:34:29.134 +00:00  INF  Sending file. Request path: '/swagger-ui-bundle.js'. Physical path: 'N/A'
2023-04-29 08:34:29.134 +00:00  INF  Request finished HTTP/2 GET https://localhost:32768/swagger/swagger-ui-bundle.js - - - 200 1092889 application/javascript 267.6800ms
2023-04-29 08:34:29.390 +00:00  INF  Request starting HTTP/2 GET https://localhost:32768/swagger/v1/swagger.json - -
2023-04-29 08:34:29.487 +00:00  INF  Request starting HTTP/2 GET https://localhost:32768/swagger/favicon-32x32.png - -
2023-04-29 08:34:29.489 +00:00  INF  Sending file. Request path: '/favicon-32x32.png'. Physical path: 'N/A'
2023-04-29 08:34:29.490 +00:00  INF  Request finished HTTP/2 GET https://localhost:32768/swagger/favicon-32x32.png - - - 200 628 image/png 2.8675ms
2023-04-29 08:34:29.750 +00:00  INF  Request finished HTTP/2 GET https://localhost:32768/swagger/v1/swagger.json - - - 200 - application/json;charset=utf-8 360.9760ms
2023-04-29 08:41:20.425 +00:00  WRN  Storing keys in a directory '/root/.aspnet/DataProtection-Keys' that may not be persisted outside of the container. Protected data will be unavailable when container is destroyed.
2023-04-29 08:41:20.469 +00:00  INF  User profile is available. Using '/root/.aspnet/DataProtection-Keys' as key repository; keys will not be encrypted at rest.
2023-04-29 08:41:20.485 +00:00  INF  Creating key {5bb6d6a1-8731-4f92-aec3-e28b2d3695c9} with creation date 2023-04-29 08:41:20Z, activation date 2023-04-29 08:41:20Z, and expiration date 2023-07-28 08:41:20Z.
2023-04-29 08:41:20.496 +00:00  WRN  No XML encryptor configured. Key {5bb6d6a1-8731-4f92-aec3-e28b2d3695c9} may be persisted to storage in unencrypted form.
2023-04-29 08:41:20.499 +00:00  INF  Writing data to file '/root/.aspnet/DataProtection-Keys/key-5bb6d6a1-8731-4f92-aec3-e28b2d3695c9.xml'.
2023-04-29 08:41:20.737 +00:00  INF  Now listening on: https://[::]:443
2023-04-29 08:41:20.737 +00:00  INF  Now listening on: http://[::]:80
2023-04-29 08:41:20.740 +00:00  INF  Application started. Press Ctrl+C to shut down.
2023-04-29 08:41:20.740 +00:00  INF  Hosting environment: Development
2023-04-29 08:41:20.741 +00:00  INF  Content root path: /app/
2023-04-29 08:41:44.857 +00:00  INF  Request starting HTTP/2 GET https://localhost:32771/swagger - -
2023-04-29 08:41:44.924 +00:00  INF  Request finished HTTP/2 GET https://localhost:32771/swagger - - - 301 0 - 69.9583ms
2023-04-29 08:41:44.934 +00:00  INF  Request starting HTTP/2 GET https://localhost:32771/swagger/index.html - -
2023-04-29 08:41:44.988 +00:00  INF  Request finished HTTP/2 GET https://localhost:32771/swagger/index.html - - - 200 - text/html;charset=utf-8 53.6686ms
2023-04-29 08:41:45.023 +00:00  INF  Request starting HTTP/2 GET https://localhost:32771/swagger/swagger-ui.css - -
2023-04-29 08:41:45.055 +00:00  INF  Request starting HTTP/2 GET https://localhost:32771/swagger/swagger-ui-standalone-preset.js - -
2023-04-29 08:41:45.055 +00:00  INF  Request starting HTTP/2 GET https://localhost:32771/swagger/swagger-ui-bundle.js - -
2023-04-29 08:41:45.085 +00:00  INF  Sending file. Request path: '/swagger-ui.css'. Physical path: 'N/A'
2023-04-29 08:41:45.085 +00:00  INF  Request finished HTTP/2 GET https://localhost:32771/swagger/swagger-ui.css - - - 200 143632 text/css 61.9665ms
2023-04-29 08:41:45.169 +00:00  INF  Sending file. Request path: '/swagger-ui-standalone-preset.js'. Physical path: 'N/A'
2023-04-29 08:41:45.173 +00:00  INF  Request finished HTTP/2 GET https://localhost:32771/swagger/swagger-ui-standalone-preset.js - - - 200 337162 application/javascript 121.0387ms
2023-04-29 08:41:45.218 +00:00  INF  Sending file. Request path: '/swagger-ui-bundle.js'. Physical path: 'N/A'
2023-04-29 08:41:45.219 +00:00  INF  Request finished HTTP/2 GET https://localhost:32771/swagger/swagger-ui-bundle.js - - - 200 1092889 application/javascript 166.6884ms
2023-04-29 08:41:45.372 +00:00  INF  Request starting HTTP/2 GET https://localhost:32771/swagger/v1/swagger.json - -
2023-04-29 08:41:45.417 +00:00  INF  Request starting HTTP/2 GET https://localhost:32771/swagger/favicon-32x32.png - -
2023-04-29 08:41:45.418 +00:00  INF  Sending file. Request path: '/favicon-32x32.png'. Physical path: 'N/A'
2023-04-29 08:41:45.419 +00:00  INF  Request finished HTTP/2 GET https://localhost:32771/swagger/favicon-32x32.png - - - 200 628 image/png 1.8456ms
2023-04-29 08:41:45.565 +00:00  INF  Request finished HTTP/2 GET https://localhost:32771/swagger/v1/swagger.json - - - 200 - application/json;charset=utf-8 193.0440ms
2023-04-29 09:12:30.476 +00:00  WRN  Storing keys in a directory '/root/.aspnet/DataProtection-Keys' that may not be persisted outside of the container. Protected data will be unavailable when container is destroyed.
2023-04-29 09:12:30.518 +00:00  INF  User profile is available. Using '/root/.aspnet/DataProtection-Keys' as key repository; keys will not be encrypted at rest.
2023-04-29 09:12:30.528 +00:00  INF  Creating key {6fd799b6-ceb9-4ebb-9a72-02b8b160eece} with creation date 2023-04-29 09:12:30Z, activation date 2023-04-29 09:12:30Z, and expiration date 2023-07-28 09:12:30Z.
2023-04-29 09:12:30.538 +00:00  WRN  No XML encryptor configured. Key {6fd799b6-ceb9-4ebb-9a72-02b8b160eece} may be persisted to storage in unencrypted form.
2023-04-29 09:12:30.540 +00:00  INF  Writing data to file '/root/.aspnet/DataProtection-Keys/key-6fd799b6-ceb9-4ebb-9a72-02b8b160eece.xml'.
2023-04-29 09:12:30.789 +00:00  INF  Now listening on: https://[::]:443
2023-04-29 09:12:30.790 +00:00  INF  Now listening on: http://[::]:80
2023-04-29 09:12:30.793 +00:00  INF  Application started. Press Ctrl+C to shut down.
2023-04-29 09:12:30.794 +00:00  INF  Hosting environment: Development
2023-04-29 09:12:30.794 +00:00  INF  Content root path: /app/
2023-04-29 09:12:53.275 +00:00  INF  Request starting HTTP/2 GET https://localhost:32775/swagger - -
2023-04-29 09:12:53.389 +00:00  INF  Request finished HTTP/2 GET https://localhost:32775/swagger - - - 301 0 - 122.4700ms
2023-04-29 09:12:53.398 +00:00  INF  Request starting HTTP/2 GET https://localhost:32775/swagger/index.html - -
2023-04-29 09:12:53.468 +00:00  INF  Request finished HTTP/2 GET https://localhost:32775/swagger/index.html - - - 200 - text/html;charset=utf-8 70.1172ms
2023-04-29 09:12:53.511 +00:00  INF  Request starting HTTP/2 GET https://localhost:32775/swagger/swagger-ui.css - -
2023-04-29 09:12:53.518 +00:00  INF  Request starting HTTP/2 GET https://localhost:32775/swagger/swagger-ui-standalone-preset.js - -
2023-04-29 09:12:53.518 +00:00  INF  Request starting HTTP/2 GET https://localhost:32775/swagger/swagger-ui-bundle.js - -
2023-04-29 09:12:53.546 +00:00  INF  Sending file. Request path: '/swagger-ui.css'. Physical path: 'N/A'
2023-04-29 09:12:53.548 +00:00  INF  Request finished HTTP/2 GET https://localhost:32775/swagger/swagger-ui.css - - - 200 143632 text/css 37.0096ms
2023-04-29 09:12:53.667 +00:00  INF  Sending file. Request path: '/swagger-ui-standalone-preset.js'. Physical path: 'N/A'
2023-04-29 09:12:53.678 +00:00  INF  Request finished HTTP/2 GET https://localhost:32775/swagger/swagger-ui-standalone-preset.js - - - 200 337162 application/javascript 160.4872ms
2023-04-29 09:12:53.729 +00:00  INF  Sending file. Request path: '/swagger-ui-bundle.js'. Physical path: 'N/A'
2023-04-29 09:12:53.730 +00:00  INF  Request finished HTTP/2 GET https://localhost:32775/swagger/swagger-ui-bundle.js - - - 200 1092889 application/javascript 211.9321ms
2023-04-29 09:12:53.919 +00:00  INF  Request starting HTTP/2 GET https://localhost:32775/swagger/v1/swagger.json - -
2023-04-29 09:12:53.969 +00:00  INF  Request starting HTTP/2 GET https://localhost:32775/swagger/favicon-32x32.png - -
2023-04-29 09:12:53.970 +00:00  INF  Sending file. Request path: '/favicon-32x32.png'. Physical path: 'N/A'
2023-04-29 09:12:53.971 +00:00  INF  Request finished HTTP/2 GET https://localhost:32775/swagger/favicon-32x32.png - - - 200 628 image/png 1.9516ms
2023-04-29 09:12:54.068 +00:00  INF  Request finished HTTP/2 GET https://localhost:32775/swagger/v1/swagger.json - - - 200 - application/json;charset=utf-8 149.3192ms
